/Users/apple/Library/Python/3.9/lib/python/site-packages/urllib3/__init__.py:35: NotOpenSSLWarning: urllib3 v2 only supports OpenSSL 1.1.1+, currently the 'ssl' module is compiled with 'LibreSSL 2.8.3'. See: https://github.com/urllib3/urllib3/issues/3020
  warnings.warn(
2026-03-04 22:00:01.408 WARNING streamlit.runtime.caching.cache_data_api: No runtime found, using MemoryCacheStorageManager
2026-03-04 22:00:01.413 WARNING streamlit.runtime.caching.cache_data_api: No runtime found, using MemoryCacheStorageManager
同步完成
[main e63480f] 自动同步: 2026-03-04 22:01
 Committer: Apple <apple@AppledeMacBook-Pro.local>
Your name and email address were configured automatically based
on your username and hostname. Please check that they are accurate.
You can suppress this message by setting them explicitly. Run the
following command and follow the instructions in your editor to edit
your configuration file:

    git config --global --edit

After doing this, you may fix the identity used for this commit with:

    git commit --amend --reset-author

 2 files changed, 14 insertions(+), 9 deletions(-)
 create mode 100644 sync.log
fatal: could not read Username for 'https://github.com': Device not configured
/Users/apple/Library/Python/3.9/lib/python/site-packages/urllib3/__init__.py:35: NotOpenSSLWarning: urllib3 v2 only supports OpenSSL 1.1.1+, currently the 'ssl' module is compiled with 'LibreSSL 2.8.3'. See: https://github.com/urllib3/urllib3/issues/3020
  warnings.warn(
2026-03-04 23:00:01.570 WARNING streamlit.runtime.caching.cache_data_api: No runtime found, using MemoryCacheStorageManager
2026-03-04 23:00:01.575 WARNING streamlit.runtime.caching.cache_data_api: No runtime found, using MemoryCacheStorageManager
同步完成
[main dfe2ee8] 自动同步: 2026-03-04 23:00
 Committer: Apple <apple@AppledeMacBook-Pro.local>
Your name and email address were configured automatically based
on your username and hostname. Please check that they are accurate.
You can suppress this message by setting them explicitly. Run the
following command and follow the instructions in your editor to edit
your configuration file:

    git config --global --edit

After doing this, you may fix the identity used for this commit with:

    git commit --amend --reset-author

 2 files changed, 11 insertions(+), 6 deletions(-)
fatal: could not read Username for 'https://github.com': Device not configured
/Users/apple/Library/Python/3.9/lib/python/site-packages/urllib3/__init__.py:35: NotOpenSSLWarning: urllib3 v2 only supports OpenSSL 1.1.1+, currently the 'ssl' module is compiled with 'LibreSSL 2.8.3'. See: https://github.com/urllib3/urllib3/issues/3020
  warnings.warn(
2026-03-05 00:00:01.826 WARNING streamlit.runtime.caching.cache_data_api: No runtime found, using MemoryCacheStorageManager
2026-03-05 00:00:01.831 WARNING streamlit.runtime.caching.cache_data_api: No runtime found, using MemoryCacheStorageManager
同步完成
[main 30d9b90] 自动同步: 2026-03-05 00:00
 Committer: Apple <apple@AppledeMacBook-Pro.local>
Your name and email address were configured automatically based
on your username and hostname. Please check that they are accurate.
You can suppress this message by setting them explicitly. Run the
following command and follow the instructions in your editor to edit
your configuration file:

    git config --global --edit

After doing this, you may fix the identity used for this commit with:

    git commit --amend --reset-author

 2 files changed, 10 insertions(+), 5 deletions(-)
fatal: could not read Username for 'https://github.com': Device not configured
/Users/apple/Library/Python/3.9/lib/python/site-packages/urllib3/__init__.py:35: NotOpenSSLWarning: urllib3 v2 only supports OpenSSL 1.1.1+, currently the 'ssl' module is compiled with 'LibreSSL 2.8.3'. See: https://github.com/urllib3/urllib3/issues/3020
  warnings.warn(
2026-03-08 21:00:01.429 WARNING streamlit.runtime.caching.cache_data_api: No runtime found, using MemoryCacheStorageManager
2026-03-08 21:00:01.433 WARNING streamlit.runtime.caching.cache_data_api: No runtime found, using MemoryCacheStorageManager
同步完成
[main f12ec08] 自动同步: 2026-03-08 21:00
 Committer: Apple <apple@AppledeMacBook-Pro.local>
Your name and email address were configured automatically based
on your username and hostname. Please check that they are accurate.
You can suppress this message by setting them explicitly. Run the
following command and follow the instructions in your editor to edit
your configuration file:

    git config --global --edit

After doing this, you may fix the identity used for this commit with:

    git commit --amend --reset-author

 2 files changed, 7 insertions(+), 2 deletions(-)
fatal: could not read Username for 'https://github.com': Device not configured
/Users/apple/Library/Python/3.9/lib/python/site-packages/urllib3/__init__.py:35: NotOpenSSLWarning: urllib3 v2 only supports OpenSSL 1.1.1+, currently the 'ssl' module is compiled with 'LibreSSL 2.8.3'. See: https://github.com/urllib3/urllib3/issues/3020
  warnings.warn(
2026-03-08 22:01:01.489 WARNING streamlit.runtime.caching.cache_data_api: No runtime found, using MemoryCacheStorageManager
2026-03-08 22:01:01.494 WARNING streamlit.runtime.caching.cache_data_api: No runtime found, using MemoryCacheStorageManager
同步完成
[main 4c97082] 自动同步: 2026-03-08 22:11
 Committer: Apple <apple@AppledeMacBook-Pro.local>
Your name and email address were configured automatically based
on your username and hostname. Please check that they are accurate.
You can suppress this message by setting them explicitly. Run the
following command and follow the instructions in your editor to edit
your configuration file:

    git config --global --edit

After doing this, you may fix the identity used for this commit with:

    git commit --amend --reset-author

 2 files changed, 6 insertions(+), 1 deletion(-)
fatal: could not read Username for 'https://github.com': Device not configured
/Users/apple/Library/Python/3.9/lib/python/site-packages/urllib3/__init__.py:35: NotOpenSSLWarning: urllib3 v2 only supports OpenSSL 1.1.1+, currently the 'ssl' module is compiled with 'LibreSSL 2.8.3'. See: https://github.com/urllib3/urllib3/issues/3020
  warnings.warn(
2026-03-09 20:00:02.031 WARNING streamlit.runtime.caching.cache_data_api: No runtime found, using MemoryCacheStorageManager
2026-03-09 20:00:02.036 WARNING streamlit.runtime.caching.cache_data_api: No runtime found, using MemoryCacheStorageManager
同步完成
